<?xml version="1.0" encoding="utf-8"?><testsuites name="pytest tests"><testsuite name="pytest" errors="0" failures="0" skipped="0" tests="6" time="3.687" timestamp="2026-05-17T09:28:46.724183+00:00" hostname="agent-env-34e51b21-c5b4-4d0e-9f0a-65fd105d5b54"><testcase classname="backend.tests.test_backend_api.TestHealth" name="test_health_ok" time="0.148" /><testcase classname="backend.tests.test_backend_api.TestModels" name="test_models_list" time="0.537" /><testcase classname="backend.tests.test_backend_api.TestTitle" name="test_generate_title" time="0.635" /><testcase classname="backend.tests.test_backend_api.TestImage" name="test_generate_image" time="0.105" /><testcase classname="backend.tests.test_backend_api.TestImage" name="test_generate_image_no_prompt" time="0.106" /><testcase classname="backend.tests.test_backend_api.TestChatStream" name="test_chat_stream_sse" time="1.994" /></testsuite></testsuites>